<?xml version="1.0" encoding="UTF-8"?>
<robot generator="Robot 5.0.1 (Python 3.10.5 on darwin)" generated="20220715 12:45:52.766" rpa="false" schemaversion="3">
<suite id="s1" name="LOGIN04 TEST" source="/Users/leoalano/developer/Ascender/Automação de testes/04 Login/ascender-automation-practice-test/tests/LOGIN04_TEST.ROBOT">
<test id="s1-t1" name="Test Case 04" line="19">
<kw name="Open up" library="login04">
<kw name="Open Browser" library="SeleniumLibrary">
<arg>browser=chrome</arg>
<doc>Opens a new browser instance to the optional ``url``.</doc>
<msg timestamp="20220715 12:45:53.046" level="INFO">Opening browser 'chrome' to base url 'None'.</msg>
<status status="PASS" starttime="20220715 12:45:53.046" endtime="20220715 12:45:55.771"/>
</kw>
<status status="PASS" starttime="20220715 12:45:53.045" endtime="20220715 12:45:55.771"/>
</kw>
<kw name="Acess website automationpractice.com" library="login04">
<kw name="Go To" library="SeleniumLibrary">
<arg>${URL}</arg>
<doc>Navigates the current browser window to the provided ``url``.</doc>
<msg timestamp="20220715 12:45:55.773" level="INFO">Opening url 'http://www.automationpractice.com'</msg>
<status status="PASS" starttime="20220715 12:45:55.773" endtime="20220715 12:46:01.325"/>
</kw>
<status status="PASS" starttime="20220715 12:45:55.772" endtime="20220715 12:46:01.326"/>
</kw>
<kw name="Enter menu &quot;Sign in&quot;" library="login04">
<kw name="Wait Until Element Is Visible" library="SeleniumLibrary">
<arg>${SIGNIN}</arg>
<doc>Waits until the element ``locator`` is visible.</doc>
<status status="PASS" starttime="20220715 12:46:01.326" endtime="20220715 12:46:01.387"/>
</kw>
<kw name="Click Element" library="SeleniumLibrary">
<arg>${SIGNIN}</arg>
<doc>Click the element identified by ``locator``.</doc>
<msg timestamp="20220715 12:46:01.388" level="INFO">Clicking element '//a[@class='login']'.</msg>
<msg timestamp="20220715 12:46:03.259" level="INFO" html="true">&lt;/td&gt;&lt;/tr&gt;&lt;tr&gt;&lt;td colspan="3"&gt;&lt;a href="selenium-screenshot-7.png"&gt;&lt;img src="selenium-screenshot-7.png" width="800px"&gt;&lt;/a&gt;</msg>
<msg timestamp="20220715 12:46:03.260" level="FAIL">WebDriverException: Message: unknown error: unexpected command response
  (Session info: chrome=103.0.5060.114)
Stacktrace:
0   chromedriver                        0x0000000103123079 chromedriver + 4444281
1   chromedriver                        0x00000001030af403 chromedriver + 3970051
2   chromedriver                        0x0000000102d4a038 chromedriver + 409656
3   chromedriver                        0x0000000102d373c8 chromedriver + 332744
4   chromedriver                        0x0000000102d36ac7 chromedriver + 330439
5   chromedriver                        0x0000000102d36047 chromedriver + 327751
6   chromedriver                        0x0000000102d35803 chromedriver + 325635
7   chromedriver                        0x0000000102d511fa chromedriver + 438778
8   chromedriver                        0x0000000102db062d chromedriver + 828973
9   chromedriver                        0x0000000102d9d683 chromedriver + 751235
10  chromedriver                        0x0000000102d73a45 chromedriver + 580165
11  chromedriver                        0x0000000102d74a95 chromedriver + 584341
12  chromedriver                        0x00000001030f455d chromedriver + 4253021
13  chromedriver                        0x00000001030f93a1 chromedriver + 4273057
14  chromedriver                        0x00000001030fe16f chromedriver + 4292975
15  chromedriver                        0x00000001030f9dea chromedriver + 4275690
16  chromedriver                        0x00000001030d354f chromedriver + 4117839
17  chromedriver                        0x0000000103113ed8 chromedriver + 4382424
18  chromedriver                        0x000000010311405f chromedriver + 4382815
19  chromedriver                        0x000000010312a8d5 chromedriver + 4475093
20  libsystem_pthread.dylib             0x00007fff2035d8fc _pthread_start + 224
21  libsystem_pthread.dylib             0x00007fff20359443 thread_start + 15
</msg>
<status status="FAIL" starttime="20220715 12:46:01.387" endtime="20220715 12:46:03.266"/>
</kw>
<kw name="Sleep" library="BuiltIn">
<arg>6 seconds</arg>
<doc>Pauses the test executed for the given time.</doc>
<status status="NOT RUN" starttime="20220715 12:46:03.266" endtime="20220715 12:46:03.267"/>
</kw>
<status status="FAIL" starttime="20220715 12:46:01.326" endtime="20220715 12:46:03.267"/>
</kw>
<kw name="Fill form with email &quot;xxxxxx@xxxxx.com&quot; and password &quot;1111&quot;" library="login04">
<status status="NOT RUN" starttime="20220715 12:46:03.267" endtime="20220715 12:46:03.267"/>
</kw>
<kw name="Click on button &quot;Sign In&quot;" library="login04">
<status status="NOT RUN" starttime="20220715 12:46:03.268" endtime="20220715 12:46:03.268"/>
</kw>
<kw name="Verify if error message appears &quot;There is 1 error&quot;" library="login04">
<status status="NOT RUN" starttime="20220715 12:46:03.268" endtime="20220715 12:46:03.268"/>
</kw>
<kw name="Close All Browsers" library="login04">
<status status="NOT RUN" starttime="20220715 12:46:03.268" endtime="20220715 12:46:03.268"/>
</kw>
<status status="FAIL" starttime="20220715 12:45:53.044" endtime="20220715 12:46:03.269">WebDriverException: Message: unknown error: unexpected command response
  (Session info: chrome=103.0.5060.114)
Stacktrace:
0   chromedriver                        0x0000000103123079 chromedriver + 4444281
1   chromedriver                        0x00000001030af403 chromedriver + 3970051
2   chromedriver                        0x0000000102d4a038 chromedriver + 409656
3   chromedriver                        0x0000000102d373c8 chromedriver + 332744
4   chromedriver                        0x0000000102d36ac7 chromedriver + 330439
5   chromedriver                        0x0000000102d36047 chromedriver + 327751
6   chromedriver                        0x0000000102d35803 chromedriver + 325635
7   chromedriver                        0x0000000102d511fa chromedriver + 438778
8   chromedriver                        0x0000000102db062d chromedriver + 8...
    [ Message content over the limit has been removed. ]
...hromedriver                        0x0000000102d74a95 chromedriver + 584341
12  chromedriver                        0x00000001030f455d chromedriver + 4253021
13  chromedriver                        0x00000001030f93a1 chromedriver + 4273057
14  chromedriver                        0x00000001030fe16f chromedriver + 4292975
15  chromedriver                        0x00000001030f9dea chromedriver + 4275690
16  chromedriver                        0x00000001030d354f chromedriver + 4117839
17  chromedriver                        0x0000000103113ed8 chromedriver + 4382424
18  chromedriver                        0x000000010311405f chromedriver + 4382815
19  chromedriver                        0x000000010312a8d5 chromedriver + 4475093
20  libsystem_pthread.dylib             0x00007fff2035d8fc _pthread_start + 224
21  libsystem_pthread.dylib             0x00007fff20359443 thread_start + 15</status>
</test>
<doc>Testing login with invalid e-mail.</doc>
<status status="FAIL" starttime="20220715 12:45:52.768" endtime="20220715 12:46:03.270"/>
</suite>
<statistics>
<total>
<stat pass="0" fail="1" skip="0">All Tests</stat>
</total>
<tag>
</tag>
<suite>
<stat pass="0" fail="1" skip="0" id="s1" name="LOGIN04 TEST">LOGIN04 TEST</stat>
</suite>
</statistics>
<errors>
</errors>
</robot>
