<?xml version="1.0" encoding="UTF-8"?>
<robot generator="Robot 5.0.1 (Python 3.10.4 on win32)" generated="20220728 22:17:56.968" rpa="false" schemaversion="3">
<suite id="s1" name="Cart Test" source="C:\Users\CHRISTIAN\workspace\ascender-automation-practice-test\tests\cart_test.robot">
<test id="s1-t1" name="Test case 01 - Add Product to Cart" line="9">
<kw name="Open Browser" library="SeleniumLibrary" type="SETUP">
<arg>browser=chrome</arg>
<doc>Opens a new browser instance to the optional ``url``.</doc>
<msg timestamp="20220728 22:17:57.461" level="INFO">Opening browser 'chrome' to base url 'None'.</msg>
<status status="PASS" starttime="20220728 22:17:57.461" endtime="20220728 22:18:00.434"/>
</kw>
<kw name="Given I am at automationpractice.com" library="cart">
<kw name="Maximize Browser Window" library="SeleniumLibrary">
<doc>Maximizes current browser window.</doc>
<status status="PASS" starttime="20220728 22:18:00.437" endtime="20220728 22:18:00.576"/>
</kw>
<kw name="Go To" library="SeleniumLibrary">
<arg>${URL}</arg>
<doc>Navigates the current browser window to the provided ``url``.</doc>
<msg timestamp="20220728 22:18:00.577" level="INFO">Opening url 'http://www.automationpractice.com'</msg>
<status status="PASS" starttime="20220728 22:18:00.577" endtime="20220728 22:18:06.624"/>
</kw>
<kw name="Set Selenium Speed" library="SeleniumLibrary">
<arg>0.3s</arg>
<doc>Sets the delay that is waited after each Selenium command.</doc>
<status status="PASS" starttime="20220728 22:18:06.625" endtime="20220728 22:18:06.626"/>
</kw>
<status status="PASS" starttime="20220728 22:18:00.436" endtime="20220728 22:18:06.626"/>
</kw>
<kw name="And I Add product" library="cart">
<kw name="Mouse Over" library="SeleniumLibrary">
<arg>${BLOUSE_IMAGE}</arg>
<doc>Simulates hovering the mouse over the element ``locator``.</doc>
<msg timestamp="20220728 22:18:06.630" level="INFO">Simulating Mouse Over on element 'xpath=//img[@title = "Blouse"]'.</msg>
<status status="PASS" starttime="20220728 22:18:06.629" endtime="20220728 22:18:07.560"/>
</kw>
<kw name="Click Element" library="SeleniumLibrary">
<arg>${BLOUSE_ADD_TO_CART_BUTTON}</arg>
<doc>Click the element identified by ``locator``.</doc>
<msg timestamp="20220728 22:18:07.561" level="INFO">Clicking element 'xpath=//a[@data-id-product = 2]'.</msg>
<status status="PASS" starttime="20220728 22:18:07.560" endtime="20220728 22:18:08.292"/>
</kw>
<status status="PASS" starttime="20220728 22:18:06.627" endtime="20220728 22:18:08.292"/>
</kw>
<kw name="Then Confirm product add to cart" library="cart">
<kw name="Page Should Contain" library="SeleniumLibrary">
<arg>${SUCESS_ADD_TO_CART}</arg>
<doc>Verifies that current page contains ``text``.</doc>
<msg timestamp="20220728 22:18:08.942" level="INFO">Current page contains text 'Product successfully added to your shopping cart'.</msg>
<status status="PASS" starttime="20220728 22:18:08.294" endtime="20220728 22:18:08.942"/>
</kw>
<status status="PASS" starttime="20220728 22:18:08.293" endtime="20220728 22:18:08.942"/>
</kw>
<kw name="Close All Browsers" library="SeleniumLibrary" type="TEARDOWN">
<doc>Closes all open browsers and resets the browser cache.</doc>
<status status="PASS" starttime="20220728 22:18:08.945" endtime="20220728 22:18:11.811"/>
</kw>
<status status="PASS" starttime="20220728 22:17:57.459" endtime="20220728 22:18:11.812"/>
</test>
<test id="s1-t2" name="Test case 02 - Cart item delete" line="14">
<kw name="Open Browser" library="SeleniumLibrary" type="SETUP">
<arg>browser=chrome</arg>
<doc>Opens a new browser instance to the optional ``url``.</doc>
<msg timestamp="20220728 22:18:11.820" level="INFO">Opening browser 'chrome' to base url 'None'.</msg>
<status status="PASS" starttime="20220728 22:18:11.819" endtime="20220728 22:18:14.383"/>
</kw>
<kw name="Acess website automationpractice.com" library="cart">
<kw name="Maximize Browser Window" library="SeleniumLibrary">
<doc>Maximizes current browser window.</doc>
<status status="PASS" starttime="20220728 22:18:14.385" endtime="20220728 22:18:14.815"/>
</kw>
<kw name="Go To" library="SeleniumLibrary">
<arg>${URL}</arg>
<doc>Navigates the current browser window to the provided ``url``.</doc>
<msg timestamp="20220728 22:18:14.816" level="INFO">Opening url 'http://www.automationpractice.com'</msg>
<status status="PASS" starttime="20220728 22:18:14.815" endtime="20220728 22:18:21.506"/>
</kw>
<kw name="Set Selenium Speed" library="SeleniumLibrary">
<arg>0.3s</arg>
<doc>Sets the delay that is waited after each Selenium command.</doc>
<status status="PASS" starttime="20220728 22:18:21.506" endtime="20220728 22:18:21.507"/>
</kw>
<status status="PASS" starttime="20220728 22:18:14.384" endtime="20220728 22:18:21.507"/>
</kw>
<kw name="Enter menu &quot;Sign in&quot;" library="cart">
<kw name="Click Element" library="SeleniumLibrary">
<arg>locator=${SIGN_IN}</arg>
<doc>Click the element identified by ``locator``.</doc>
<msg timestamp="20220728 22:18:21.511" level="FAIL">Variable '${SIGN_IN}' not found.</msg>
<status status="FAIL" starttime="20220728 22:18:21.509" endtime="20220728 22:18:21.512"/>
</kw>
<kw name="Title Should Be" library="SeleniumLibrary">
<arg>${TITLE_PAGE_LOGIN}</arg>
<doc>Verifies that the current page title equals ``title``.</doc>
<status status="NOT RUN" starttime="20220728 22:18:21.512" endtime="20220728 22:18:21.512"/>
</kw>
<kw name="Page Should Contain Element" library="SeleniumLibrary">
<arg>locator=${VALIDATE_PAGE_LOGIN}</arg>
<doc>Verifies that element ``locator`` is found on the current page.</doc>
<status status="NOT RUN" starttime="20220728 22:18:21.512" endtime="20220728 22:18:21.512"/>
</kw>
<kw name="Page Should Contain Element" library="SeleniumLibrary">
<arg>locator=${VALIDATE_PAGE_LOGIN_2}</arg>
<doc>Verifies that element ``locator`` is found on the current page.</doc>
<status status="NOT RUN" starttime="20220728 22:18:21.513" endtime="20220728 22:18:21.513"/>
</kw>
<status status="FAIL" starttime="20220728 22:18:21.508" endtime="20220728 22:18:21.514"/>
</kw>
<kw name="Type the registered email in the field &quot;email address&quot;">
<status status="NOT RUN" starttime="20220728 22:18:21.521" endtime="20220728 22:18:21.522"/>
</kw>
<kw name="Type the registered Password in the field &quot;Password&quot;">
<status status="NOT RUN" starttime="20220728 22:18:21.527" endtime="20220728 22:18:21.527"/>
</kw>
<kw name="Click on button &quot;Sign In&quot;" library="cart">
<status status="NOT RUN" starttime="20220728 22:18:21.528" endtime="20220728 22:18:21.528"/>
</kw>
<kw name="Click on the &quot;Women&quot;" library="cart">
<status status="NOT RUN" starttime="20220728 22:18:21.528" endtime="20220728 22:18:21.529"/>
</kw>
<kw name="Move the mouse over the item" library="cart">
<status status="NOT RUN" starttime="20220728 22:18:21.529" endtime="20220728 22:18:21.529"/>
</kw>
<kw name="Click on Proceed to checkout Element" library="cart">
<status status="NOT RUN" starttime="20220728 22:18:21.529" endtime="20220728 22:18:21.529"/>
</kw>
<kw name="Click on the &quot;trash&quot;" library="cart">
<status status="NOT RUN" starttime="20220728 22:18:21.530" endtime="20220728 22:18:21.530"/>
</kw>
<kw name="Verify item deletion" library="cart">
<status status="NOT RUN" starttime="20220728 22:18:21.530" endtime="20220728 22:18:21.531"/>
</kw>
<kw name="Close All Browsers" library="SeleniumLibrary" type="TEARDOWN">
<doc>Closes all open browsers and resets the browser cache.</doc>
<status status="PASS" starttime="20220728 22:18:21.532" endtime="20220728 22:18:24.304"/>
</kw>
<status status="FAIL" starttime="20220728 22:18:11.816" endtime="20220728 22:18:24.306">Variable '${SIGN_IN}' not found.</status>
</test>
<test id="s1-t3" name="Test Case 03 - Cart access" line="26">
<kw name="Open Browser" library="SeleniumLibrary" type="SETUP">
<arg>browser=chrome</arg>
<doc>Opens a new browser instance to the optional ``url``.</doc>
<msg timestamp="20220728 22:18:24.314" level="INFO">Opening browser 'chrome' to base url 'None'.</msg>
<status status="PASS" starttime="20220728 22:18:24.313" endtime="20220728 22:18:27.077"/>
</kw>
<kw name="Acess website automationpractice.com" library="cart">
<kw name="Maximize Browser Window" library="SeleniumLibrary">
<doc>Maximizes current browser window.</doc>
<status status="PASS" starttime="20220728 22:18:27.079" endtime="20220728 22:18:27.535"/>
</kw>
<kw name="Go To" library="SeleniumLibrary">
<arg>${URL}</arg>
<doc>Navigates the current browser window to the provided ``url``.</doc>
<msg timestamp="20220728 22:18:27.536" level="INFO">Opening url 'http://www.automationpractice.com'</msg>
<msg timestamp="20220728 22:18:32.375" level="WARN">Keyword 'Capture Page Screenshot' could not be run on failure: Message: chrome not reachable
  (Session info: chrome=103.0.5060.134)
Stacktrace:
Backtrace:
	Ordinal0 [0x00895FD3+2187219]
	Ordinal0 [0x0082E6D1+1763025]
	Ordinal0 [0x00743D40+802112]
	Ordinal0 [0x00738A12+756242]
	Ordinal0 [0x00739248+758344]
	Ordinal0 [0x0073AB02+764674]
	Ordinal0 [0x00734379+738169]
	Ordinal0 [0x007451D0+807376]
	Ordinal0 [0x0079C7A2+1165218]
	Ordinal0 [0x0078C9A6+1100198]
	Ordinal0 [0x00766F80+946048]
	Ordinal0 [0x00767E76+949878]
	GetHandleVerifier [0x00B390C2+2721218]
	GetHandleVerifier [0x00B2AAF0+2662384]
	GetHandleVerifier [0x0092137A+526458]
	GetHandleVerifier [0x00920416+522518]
	Ordinal0 [0x00834EAB+1789611]
	Ordinal0 [0x008397A8+1808296]
	Ordinal0 [0x00839895+1808533]
	Ordinal0 [0x008426C1+1844929]
	BaseThreadInitThunk [0x7510FA29+25]
	RtlGetAppContainerNamedObjectPath [0x77287A9E+286]
	RtlGetAppContainerNamedObjectPath [0x77287A6E+238]
</msg>
<msg timestamp="20220728 22:18:32.388" level="FAIL">WebDriverException: Message: unknown error: cannot determine loading status
from disconnected: received Inspector.detached event
  (Session info: chrome=103.0.5060.134)
Stacktrace:
Backtrace:
	Ordinal0 [0x00895FD3+2187219]
	Ordinal0 [0x0082E6D1+1763025]
	Ordinal0 [0x00743E78+802424]
	Ordinal0 [0x00736BAE+748462]
	Ordinal0 [0x0073679F+747423]
	Ordinal0 [0x00735D3F+744767]
	Ordinal0 [0x00734C28+740392]
	Ordinal0 [0x00735228+741928]
	Ordinal0 [0x007402C0+787136]
	Ordinal0 [0x007365AD+746925]
	Ordinal0 [0x007371E2+750050]
	Ordinal0 [0x007367BA+747450]
	Ordinal0 [0x00735D3F+744767]
	Ordinal0 [0x00734C28+740392]
	Ordinal0 [0x007350FD+741629]
	Ordinal0 [0x00745644+808516]
	Ordinal0 [0x0079D66D+1169005]
	Ordinal0 [0x0078CB8C+1100684]
	Ordinal0 [0x0079CFC2+1167298]
	Ordinal0 [0x0078C9A6+1100198]
	Ordinal0 [0x00766F80+946048]
	Ordinal0 [0x00767E76+949878]
	GetHandleVerifier [0x00B390C2+2721218]
	GetHandleVerifier [0x00B2AAF0+2662384]
	GetHandleVerifier [0x0092137A+526458]
	GetHandleVerifier [0x00920416+522518]
	Ordinal0 [0x00834EAB+1789611]
	Ordinal0 [0x008397A8+1808296]
	Ordinal0 [0x00839895+1808533]
	Ordinal0 [0x008426C1+1844929]
	BaseThreadInitThunk [0x7510FA29+25]
	RtlGetAppContainerNamedObjectPath [0x77287A9E+286]
	RtlGetAppContainerNamedObjectPath [0x77287A6E+238]
</msg>
<status status="FAIL" starttime="20220728 22:18:27.535" endtime="20220728 22:18:32.414"/>
</kw>
<kw name="Set Selenium Speed" library="SeleniumLibrary">
<arg>0.3s</arg>
<doc>Sets the delay that is waited after each Selenium command.</doc>
<status status="NOT RUN" starttime="20220728 22:18:32.415" endtime="20220728 22:18:32.415"/>
</kw>
<status status="FAIL" starttime="20220728 22:18:27.078" endtime="20220728 22:18:32.416"/>
</kw>
<kw name="Enter menu &quot;Sign in&quot;" library="cart">
<status status="NOT RUN" starttime="20220728 22:18:32.418" endtime="20220728 22:18:32.418"/>
</kw>
<kw name="Enter the registered email in the Email address field" library="cart">
<status status="NOT RUN" starttime="20220728 22:18:32.419" endtime="20220728 22:18:32.419"/>
</kw>
<kw name="Enter the registered password in the Password field" library="cart">
<status status="NOT RUN" starttime="20220728 22:18:32.420" endtime="20220728 22:18:32.420"/>
</kw>
<kw name="Click on button &quot;Sign In&quot;" library="cart">
<status status="NOT RUN" starttime="20220728 22:18:32.420" endtime="20220728 22:18:32.420"/>
</kw>
<kw name="Click on My Cart Element" library="cart">
<status status="NOT RUN" starttime="20220728 22:18:32.421" endtime="20220728 22:18:32.421"/>
</kw>
<kw name="Close All Browsers" library="SeleniumLibrary" type="TEARDOWN">
<doc>Closes all open browsers and resets the browser cache.</doc>
<status status="PASS" starttime="20220728 22:18:32.422" endtime="20220728 22:18:34.775"/>
</kw>
<status status="FAIL" starttime="20220728 22:18:24.311" endtime="20220728 22:18:34.776">WebDriverException: Message: unknown error: cannot determine loading status
from disconnected: received Inspector.detached event
  (Session info: chrome=103.0.5060.134)
Stacktrace:
Backtrace:
	Ordinal0 [0x00895FD3+2187219]
	Ordinal0 [0x0082E6D1+1763025]
	Ordinal0 [0x00743E78+802424]
	Ordinal0 [0x00736BAE+748462]
	Ordinal0 [0x0073679F+747423]
	Ordinal0 [0x00735D3F+744767]
	Ordinal0 [0x00734C28+740392]
	Ordinal0 [0x00735228+741928]
	Ordinal0 [0x007402C0+787136]
	Ordinal0 [0x007365AD+746925]
	Ordinal0 [0x007371E2+750050]
	Ordinal0 [0x007367BA+747450]
	Ordinal0 [0x00735D3F+744767]
	Ordinal0 [0x00734C28+740392]
	Ordinal0 [0x007350FD+741629]
	Ordinal0 [0x00745644+808516]
	Ordinal0 [0x0079D66D+1169005]
	Ordinal0 [0x0078CB8C+1100684]
	Ordinal0 [0x0079CFC2+1167298]
	Ordinal0 [0x0078C9A6+1100198]
	Ordinal0 [0x00766F80+946048]
	Ordinal0 [0x00767E76+949878]
	GetHandleVerifier [0x00B390C2+2721218]
	GetHandleVerifier [0x00B2AAF0+2662384]
	GetHandleVerifier [0x0092137A+526458]
	GetHandleVerifier [0x00920416+522518]
	Ordinal0 [0x00834EAB+1789611]
	Ordinal0 [0x008397A8+1808296]
	Ordinal0 [0x00839895+1808533]
	Ordinal0 [0x008426C1+1844929]
	BaseThreadInitThunk [0x7510FA29+25]
	RtlGetAppContainerNamedObjectPath [0x77287A9E+286]
	RtlGetAppContainerNamedObjectPath [0x77287A6E+238]
</status>
</test>
<status status="FAIL" starttime="20220728 22:17:56.971" endtime="20220728 22:18:34.785"/>
</suite>
<statistics>
<total>
<stat pass="1" fail="2" skip="0">All Tests</stat>
</total>
<tag>
</tag>
<suite>
<stat pass="1" fail="2" skip="0" id="s1" name="Cart Test">Cart Test</stat>
</suite>
</statistics>
<errors>
<msg timestamp="20220728 22:18:32.375" level="WARN">Keyword 'Capture Page Screenshot' could not be run on failure: Message: chrome not reachable
  (Session info: chrome=103.0.5060.134)
Stacktrace:
Backtrace:
	Ordinal0 [0x00895FD3+2187219]
	Ordinal0 [0x0082E6D1+1763025]
	Ordinal0 [0x00743D40+802112]
	Ordinal0 [0x00738A12+756242]
	Ordinal0 [0x00739248+758344]
	Ordinal0 [0x0073AB02+764674]
	Ordinal0 [0x00734379+738169]
	Ordinal0 [0x007451D0+807376]
	Ordinal0 [0x0079C7A2+1165218]
	Ordinal0 [0x0078C9A6+1100198]
	Ordinal0 [0x00766F80+946048]
	Ordinal0 [0x00767E76+949878]
	GetHandleVerifier [0x00B390C2+2721218]
	GetHandleVerifier [0x00B2AAF0+2662384]
	GetHandleVerifier [0x0092137A+526458]
	GetHandleVerifier [0x00920416+522518]
	Ordinal0 [0x00834EAB+1789611]
	Ordinal0 [0x008397A8+1808296]
	Ordinal0 [0x00839895+1808533]
	Ordinal0 [0x008426C1+1844929]
	BaseThreadInitThunk [0x7510FA29+25]
	RtlGetAppContainerNamedObjectPath [0x77287A9E+286]
	RtlGetAppContainerNamedObjectPath [0x77287A6E+238]
</msg>
</errors>
</robot>
